<?xml version="1.0" encoding="UTF-8"?>
<!-- Generated by org.testng.reporters.JUnitReportReporter -->
<testsuite hostname="LAPTOP-L31P1TRG" failures="0" tests="1" name="testNG.ParallelTest4" time="44.671" errors="0" timestamp="2023-01-10T12:44:21 IST" skipped="0">
  <testcase classname="testNG.ParallelTest4" name="tc4" time="44.671"/>
  <system-out/>
</testsuite> <!-- testNG.ParallelTest4 -->
