<?xml version="1.0" encoding="UTF-8"?>
<!-- Generated by org.testng.reporters.JUnitReportReporter -->
<testsuite hostname="LAPTOP-L31P1TRG" failures="0" tests="3" name="testNG.Data_provider" time="77.460" errors="0" timestamp="2023-01-11T13:24:32 IST" skipped="0">
  <testcase classname="testNG.Data_provider" name="login" time="14.808"/>
  <system-out/>
  <testcase classname="testNG.Data_provider" name="login" time="22.460"/>
  <system-out/>
  <testcase classname="testNG.Data_provider" name="login" time="40.192"/>
  <system-out/>
</testsuite> <!-- testNG.Data_provider -->
