<?xml version="1.0" encoding="UTF-8"?>
<!-- Generated by org.testng.reporters.JUnitReportReporter -->
<testsuite hostname="LAPTOP-L31P1TRG" failures="0" tests="1" name="testNG.ListSampleTest1" time="44.354" errors="0" timestamp="2023-01-11T19:47:17 IST" skipped="0">
  <testcase classname="testNG.ListSampleTest1" name="tc1" time="44.354"/>
  <system-out>
    <![CDATA[onTestStart
onTestSuccess]]>
  </system-out>
</testsuite> <!-- testNG.ListSampleTest1 -->
