<?xml version="1.0" encoding="UTF-8"?>
<!-- Generated by org.testng.reporters.JUnitReportReporter -->
<testsuite hostname="LAPTOP-L31P1TRG" failures="0" tests="1" name="testNG.ReadDataXML" time="72.927" errors="0" timestamp="2023-01-14T13:28:25 IST" skipped="0">
  <testcase classname="testNG.ReadDataXML" name="login" time="72.927"/>
  <system-out/>
</testsuite> <!-- testNG.ReadDataXML -->
