<?xml version="1.0" encoding="UTF-8"?>
<!-- Generated by org.testng.reporters.JUnitReportReporter -->
<testsuite hostname="LAPTOP-L31P1TRG" failures="0" tests="2" name="testNG.TestNGgroups" time="0.020" errors="0" timestamp="2023-01-11T15:47:19 IST" skipped="0">
  <testcase classname="testNG.TestNGgroups" name="createproject" time="0.018"/>
  <system-out>
    <![CDATA[createproject]]>
  </system-out>
  <testcase classname="testNG.TestNGgroups" name="createuser" time="0.002"/>
  <system-out>
    <![CDATA[createuser]]>
  </system-out>
</testsuite> <!-- testNG.TestNGgroups -->
