<?xml version="1.0" encoding="UTF-8"?>
<!-- Generated by org.testng.reporters.JUnitReportReporter -->
<testsuite hostname="LAPTOP-L31P1TRG" failures="0" tests="1" name="testNG.ParallelTest2" time="47.975" errors="0" timestamp="2023-01-10T12:44:20 IST" skipped="0">
  <testcase classname="testNG.ParallelTest2" name="tc2" time="47.975"/>
  <system-out/>
</testsuite> <!-- testNG.ParallelTest2 -->
