<?xml version="1.0" encoding="UTF-8"?>
<!-- Generated by org.testng.reporters.JUnitReportReporter -->
<testsuite hostname="LAPTOP-L31P1TRG" failures="0" tests="1" name="testNG.ParallelTest1" time="68.125" errors="0" timestamp="2023-01-10T12:44:21 IST" skipped="0">
  <testcase classname="testNG.ParallelTest1" name="tc1" time="68.125"/>
  <system-out/>
</testsuite> <!-- testNG.ParallelTest1 -->
