<?xml version="1.0" encoding="UTF-8"?>
<!-- Generated by org.testng.reporters.JUnitReportReporter -->
<testsuite hostname="LAPTOP-L31P1TRG" failures="0" tests="1" name="testNG.ParallelTest3" time="75.534" errors="0" timestamp="2023-01-10T12:44:21 IST" skipped="0">
  <testcase classname="testNG.ParallelTest3" name="tc3" time="75.534"/>
  <system-out/>
</testsuite> <!-- testNG.ParallelTest3 -->
